2024-05-31 15:43:20.544 INFO  --- [restartedMain] com.kn.initialmusic.InitialMusicApplication Line:51  - Starting InitialMusicApplication using Java 17 with PID 18520 (D:\Workspeace\InitialMusic\target\classes started by 窃宁康 in D:\Workspeace\InitialMusic)
2024-05-31 15:43:20.547 INFO  --- [restartedMain] com.kn.initialmusic.InitialMusicApplication Line:638 - The following 1 profile is active: "dev"
2024-05-31 15:43:20.583 INFO  --- [restartedMain] org.springframework.boot.devtools.env.DevToolsPropertyDefaultsPostProcessor Line:250 - Devtools property defaults active! Set 'spring.devtools.add-properties' to 'false' to disable
2024-05-31 15:43:20.583 INFO  --- [restartedMain] org.springframework.boot.devtools.env.DevToolsPropertyDefaultsPostProcessor Line:250 - For additional web related logging consider setting the 'logging.level.web' property to 'DEBUG'
2024-05-31 15:43:21.570 INFO  --- [restartedMain] org.springframework.data.repository.config.RepositoryConfigurationDelegate Line:291 - Multiple Spring Data modules found, entering strict repository configuration mode
2024-05-31 15:43:21.573 INFO  --- [restartedMain] org.springframework.data.repository.config.RepositoryConfigurationDelegate Line:138 - Bootstrapping Spring Data Redis repositories in DEFAULT mode.
2024-05-31 15:43:21.610 INFO  --- [restartedMain] org.springframework.data.repository.config.RepositoryConfigurationDelegate Line:208 - Finished Spring Data repository scanning in 19 ms. Found 0 Redis repository interfaces.
2024-05-31 15:43:22.239 INFO  --- [restartedMain] org.springframework.boot.web.embedded.tomcat.TomcatWebServer Line:108 - Tomcat initialized with port(s): 80 (http)
2024-05-31 15:43:22.248 INFO  --- [restartedMain] org.apache.coyote.http11.Http11NioProtocol Line:173 - Initializing ProtocolHandler ["http-nio-80"]
2024-05-31 15:43:22.250 INFO  --- [restartedMain] org.apache.catalina.core.StandardService Line:173 - Starting service [Tomcat]
2024-05-31 15:43:22.250 INFO  --- [restartedMain] org.apache.catalina.core.StandardEngine Line:173 - Starting Servlet engine: [Apache Tomcat/10.1.13]
2024-05-31 15:43:22.307 INFO  --- [restartedMain] org.apache.catalina.core.ContainerBase.[Tomcat].[localhost].[/] Line:173 - Initializing Spring embedded WebApplicationContext
2024-05-31 15:43:22.308 INFO  --- [restartedMain] org.springframework.boot.web.servlet.context.ServletWebServerApplicationContext Line:291 - Root WebApplicationContext: initialization completed in 1724 ms
2024-05-31 15:43:23.212 INFO  --- [restartedMain] org.springframework.boot.autoconfigure.web.servlet.WelcomePageHandlerMapping Line:59  - Adding welcome page: class path resource [static/index.html]
2024-05-31 15:43:23.389 INFO  --- [restartedMain] org.springframework.boot.devtools.autoconfigure.OptionalLiveReloadServer Line:59  - LiveReload server is running on port 35729
2024-05-31 15:43:23.406 INFO  --- [restartedMain] org.apache.coyote.http11.Http11NioProtocol Line:173 - Starting ProtocolHandler ["http-nio-80"]
2024-05-31 15:43:23.429 INFO  --- [restartedMain] org.springframework.boot.web.embedded.tomcat.TomcatWebServer Line:220 - Tomcat started on port(s): 80 (http) with context path ''
2024-05-31 15:43:23.440 INFO  --- [restartedMain] com.kn.initialmusic.InitialMusicApplication Line:57  - Started InitialMusicApplication in 3.384 seconds (process running for 4.365)
2024-05-31 15:44:10.265 INFO  --- [http-nio-80-exec-1] org.apache.catalina.core.ContainerBase.[Tomcat].[localhost].[/] Line:173 - Initializing Spring DispatcherServlet 'dispatcherServlet'
2024-05-31 15:44:10.368 INFO  --- [http-nio-80-exec-5] com.alibaba.druid.pool.DruidDataSource Line:1002 - {dataSource-1} inited
2024-05-31 15:49:14.477 INFO  --- [SpringApplicationShutdownHook] com.alibaba.druid.pool.DruidDataSource Line:1885 - {dataSource-1} closing ...
2024-05-31 15:49:14.483 INFO  --- [SpringApplicationShutdownHook] com.alibaba.druid.pool.DruidDataSource Line:1955 - {dataSource-1} closed
2024-05-31 15:49:24.298 INFO  --- [restartedMain] com.kn.initialmusic.InitialMusicApplication Line:51  - Starting InitialMusicApplication using Java 17 with PID 13872 (D:\Workspeace\InitialMusic\target\classes started by 窃宁康 in D:\Workspeace\InitialMusic)
2024-05-31 15:49:24.302 INFO  --- [restartedMain] com.kn.initialmusic.InitialMusicApplication Line:638 - The following 1 profile is active: "dev"
2024-05-31 15:49:24.352 INFO  --- [restartedMain] org.springframework.boot.devtools.env.DevToolsPropertyDefaultsPostProcessor Line:250 - Devtools property defaults active! Set 'spring.devtools.add-properties' to 'false' to disable
2024-05-31 15:49:24.353 INFO  --- [restartedMain] org.springframework.boot.devtools.env.DevToolsPropertyDefaultsPostProcessor Line:250 - For additional web related logging consider setting the 'logging.level.web' property to 'DEBUG'
2024-05-31 15:49:25.086 INFO  --- [restartedMain] org.springframework.data.repository.config.RepositoryConfigurationDelegate Line:291 - Multiple Spring Data modules found, entering strict repository configuration mode
2024-05-31 15:49:25.089 INFO  --- [restartedMain] org.springframework.data.repository.config.RepositoryConfigurationDelegate Line:138 - Bootstrapping Spring Data Redis repositories in DEFAULT mode.
2024-05-31 15:49:25.114 INFO  --- [restartedMain] org.springframework.data.repository.config.RepositoryConfigurationDelegate Line:208 - Finished Spring Data repository scanning in 12 ms. Found 0 Redis repository interfaces.
2024-05-31 15:49:25.744 INFO  --- [restartedMain] org.springframework.boot.web.embedded.tomcat.TomcatWebServer Line:108 - Tomcat initialized with port(s): 80 (http)
2024-05-31 15:49:25.752 INFO  --- [restartedMain] org.apache.coyote.http11.Http11NioProtocol Line:173 - Initializing ProtocolHandler ["http-nio-80"]
2024-05-31 15:49:25.754 INFO  --- [restartedMain] org.apache.catalina.core.StandardService Line:173 - Starting service [Tomcat]
2024-05-31 15:49:25.754 INFO  --- [restartedMain] org.apache.catalina.core.StandardEngine Line:173 - Starting Servlet engine: [Apache Tomcat/10.1.13]
2024-05-31 15:49:25.807 INFO  --- [restartedMain] org.apache.catalina.core.ContainerBase.[Tomcat].[localhost].[/] Line:173 - Initializing Spring embedded WebApplicationContext
2024-05-31 15:49:25.807 INFO  --- [restartedMain] org.springframework.boot.web.servlet.context.ServletWebServerApplicationContext Line:291 - Root WebApplicationContext: initialization completed in 1453 ms
2024-05-31 15:49:27.335 INFO  --- [restartedMain] org.springframework.boot.autoconfigure.web.servlet.WelcomePageHandlerMapping Line:59  - Adding welcome page: class path resource [static/index.html]
2024-05-31 15:49:27.681 INFO  --- [restartedMain] org.springframework.boot.devtools.autoconfigure.OptionalLiveReloadServer Line:59  - LiveReload server is running on port 35729
2024-05-31 15:49:27.713 INFO  --- [restartedMain] org.apache.coyote.http11.Http11NioProtocol Line:173 - Starting ProtocolHandler ["http-nio-80"]
2024-05-31 15:49:27.756 INFO  --- [restartedMain] org.springframework.boot.web.embedded.tomcat.TomcatWebServer Line:220 - Tomcat started on port(s): 80 (http) with context path ''
2024-05-31 15:49:27.785 INFO  --- [restartedMain] com.kn.initialmusic.InitialMusicApplication Line:57  - Started InitialMusicApplication in 4.281 seconds (process running for 5.87)
2024-05-31 15:49:32.751 INFO  --- [http-nio-80-exec-2] org.apache.catalina.core.ContainerBase.[Tomcat].[localhost].[/] Line:173 - Initializing Spring DispatcherServlet 'dispatcherServlet'
2024-05-31 15:49:36.519 INFO  --- [http-nio-80-exec-8] com.alibaba.druid.pool.DruidDataSource Line:1002 - {dataSource-1} inited
2024-05-31 15:52:09.172 INFO  --- [SpringApplicationShutdownHook] com.alibaba.druid.pool.DruidDataSource Line:1885 - {dataSource-1} closing ...
2024-05-31 15:52:09.180 INFO  --- [SpringApplicationShutdownHook] com.alibaba.druid.pool.DruidDataSource Line:1955 - {dataSource-1} closed
2024-05-31 15:52:13.834 INFO  --- [restartedMain] com.kn.initialmusic.InitialMusicApplication Line:51  - Starting InitialMusicApplication using Java 17 with PID 19440 (D:\Workspeace\InitialMusic\target\classes started by 窃宁康 in D:\Workspeace\InitialMusic)
2024-05-31 15:52:13.837 INFO  --- [restartedMain] com.kn.initialmusic.InitialMusicApplication Line:638 - The following 1 profile is active: "dev"
2024-05-31 15:52:13.878 INFO  --- [restartedMain] org.springframework.boot.devtools.env.DevToolsPropertyDefaultsPostProcessor Line:250 - Devtools property defaults active! Set 'spring.devtools.add-properties' to 'false' to disable
2024-05-31 15:52:13.879 INFO  --- [restartedMain] org.springframework.boot.devtools.env.DevToolsPropertyDefaultsPostProcessor Line:250 - For additional web related logging consider setting the 'logging.level.web' property to 'DEBUG'
2024-05-31 15:52:14.482 INFO  --- [restartedMain] org.springframework.data.repository.config.RepositoryConfigurationDelegate Line:291 - Multiple Spring Data modules found, entering strict repository configuration mode
2024-05-31 15:52:14.484 INFO  --- [restartedMain] org.springframework.data.repository.config.RepositoryConfigurationDelegate Line:138 - Bootstrapping Spring Data Redis repositories in DEFAULT mode.
2024-05-31 15:52:14.510 INFO  --- [restartedMain] org.springframework.data.repository.config.RepositoryConfigurationDelegate Line:208 - Finished Spring Data repository scanning in 13 ms. Found 0 Redis repository interfaces.
2024-05-31 15:52:15.060 INFO  --- [restartedMain] org.springframework.boot.web.embedded.tomcat.TomcatWebServer Line:108 - Tomcat initialized with port(s): 80 (http)
2024-05-31 15:52:15.067 INFO  --- [restartedMain] org.apache.coyote.http11.Http11NioProtocol Line:173 - Initializing ProtocolHandler ["http-nio-80"]
2024-05-31 15:52:15.068 INFO  --- [restartedMain] org.apache.catalina.core.StandardService Line:173 - Starting service [Tomcat]
2024-05-31 15:52:15.068 INFO  --- [restartedMain] org.apache.catalina.core.StandardEngine Line:173 - Starting Servlet engine: [Apache Tomcat/10.1.13]
2024-05-31 15:52:15.117 INFO  --- [restartedMain] org.apache.catalina.core.ContainerBase.[Tomcat].[localhost].[/] Line:173 - Initializing Spring embedded WebApplicationContext
2024-05-31 15:52:15.117 INFO  --- [restartedMain] org.springframework.boot.web.servlet.context.ServletWebServerApplicationContext Line:291 - Root WebApplicationContext: initialization completed in 1238 ms
2024-05-31 15:52:16.361 INFO  --- [restartedMain] org.springframework.boot.autoconfigure.web.servlet.WelcomePageHandlerMapping Line:59  - Adding welcome page: class path resource [static/index.html]
2024-05-31 15:52:16.636 INFO  --- [restartedMain] org.springframework.boot.devtools.autoconfigure.OptionalLiveReloadServer Line:59  - LiveReload server is running on port 35729
2024-05-31 15:52:16.661 INFO  --- [restartedMain] org.apache.coyote.http11.Http11NioProtocol Line:173 - Starting ProtocolHandler ["http-nio-80"]
2024-05-31 15:52:16.700 INFO  --- [restartedMain] org.springframework.boot.web.embedded.tomcat.TomcatWebServer Line:220 - Tomcat started on port(s): 80 (http) with context path ''
2024-05-31 15:52:16.713 INFO  --- [restartedMain] com.kn.initialmusic.InitialMusicApplication Line:57  - Started InitialMusicApplication in 3.31 seconds (process running for 4.056)
2024-05-31 15:52:31.201 INFO  --- [http-nio-80-exec-1] org.apache.catalina.core.ContainerBase.[Tomcat].[localhost].[/] Line:173 - Initializing Spring DispatcherServlet 'dispatcherServlet'
2024-05-31 15:52:32.829 INFO  --- [http-nio-80-exec-10] com.alibaba.druid.pool.DruidDataSource Line:1002 - {dataSource-1} inited
2024-05-31 16:27:13.172 INFO  --- [SpringApplicationShutdownHook] com.alibaba.druid.pool.DruidDataSource Line:1885 - {dataSource-1} closing ...
2024-05-31 16:27:13.206 INFO  --- [SpringApplicationShutdownHook] com.alibaba.druid.pool.DruidDataSource Line:1955 - {dataSource-1} closed
2024-05-31 16:27:18.732 INFO  --- [restartedMain] com.kn.initialmusic.InitialMusicApplication Line:51  - Starting InitialMusicApplication using Java 17 with PID 12740 (D:\Workspeace\InitialMusic\target\classes started by 窃宁康 in D:\Workspeace\InitialMusic)
2024-05-31 16:27:18.734 INFO  --- [restartedMain] com.kn.initialmusic.InitialMusicApplication Line:638 - The following 1 profile is active: "dev"
2024-05-31 16:27:18.771 INFO  --- [restartedMain] org.springframework.boot.devtools.env.DevToolsPropertyDefaultsPostProcessor Line:250 - Devtools property defaults active! Set 'spring.devtools.add-properties' to 'false' to disable
2024-05-31 16:27:18.772 INFO  --- [restartedMain] org.springframework.boot.devtools.env.DevToolsPropertyDefaultsPostProcessor Line:250 - For additional web related logging consider setting the 'logging.level.web' property to 'DEBUG'
2024-05-31 16:27:19.442 INFO  --- [restartedMain] org.springframework.data.repository.config.RepositoryConfigurationDelegate Line:291 - Multiple Spring Data modules found, entering strict repository configuration mode
2024-05-31 16:27:19.444 INFO  --- [restartedMain] org.springframework.data.repository.config.RepositoryConfigurationDelegate Line:138 - Bootstrapping Spring Data Redis repositories in DEFAULT mode.
2024-05-31 16:27:19.469 INFO  --- [restartedMain] org.springframework.data.repository.config.RepositoryConfigurationDelegate Line:208 - Finished Spring Data repository scanning in 12 ms. Found 0 Redis repository interfaces.
2024-05-31 16:27:20.049 INFO  --- [restartedMain] org.springframework.boot.web.embedded.tomcat.TomcatWebServer Line:108 - Tomcat initialized with port(s): 80 (http)
2024-05-31 16:27:20.056 INFO  --- [restartedMain] org.apache.coyote.http11.Http11NioProtocol Line:173 - Initializing ProtocolHandler ["http-nio-80"]
2024-05-31 16:27:20.057 INFO  --- [restartedMain] org.apache.catalina.core.StandardService Line:173 - Starting service [Tomcat]
2024-05-31 16:27:20.057 INFO  --- [restartedMain] org.apache.catalina.core.StandardEngine Line:173 - Starting Servlet engine: [Apache Tomcat/10.1.13]
2024-05-31 16:27:20.108 INFO  --- [restartedMain] org.apache.catalina.core.ContainerBase.[Tomcat].[localhost].[/] Line:173 - Initializing Spring embedded WebApplicationContext
2024-05-31 16:27:20.108 INFO  --- [restartedMain] org.springframework.boot.web.servlet.context.ServletWebServerApplicationContext Line:291 - Root WebApplicationContext: initialization completed in 1335 ms
2024-05-31 16:27:21.405 INFO  --- [restartedMain] org.springframework.boot.autoconfigure.web.servlet.WelcomePageHandlerMapping Line:59  - Adding welcome page: class path resource [static/index.html]
2024-05-31 16:27:21.676 INFO  --- [restartedMain] org.springframework.boot.devtools.autoconfigure.OptionalLiveReloadServer Line:59  - LiveReload server is running on port 35729
2024-05-31 16:27:21.701 INFO  --- [restartedMain] org.apache.coyote.http11.Http11NioProtocol Line:173 - Starting ProtocolHandler ["http-nio-80"]
2024-05-31 16:27:21.738 INFO  --- [restartedMain] org.springframework.boot.web.embedded.tomcat.TomcatWebServer Line:220 - Tomcat started on port(s): 80 (http) with context path ''
2024-05-31 16:27:21.751 INFO  --- [restartedMain] com.kn.initialmusic.InitialMusicApplication Line:57  - Started InitialMusicApplication in 3.505 seconds (process running for 4.275)
2024-05-31 16:27:30.040 INFO  --- [http-nio-80-exec-5] org.apache.catalina.core.ContainerBase.[Tomcat].[localhost].[/] Line:173 - Initializing Spring DispatcherServlet 'dispatcherServlet'
2024-05-31 16:27:30.256 INFO  --- [http-nio-80-exec-10] com.alibaba.druid.pool.DruidDataSource Line:1002 - {dataSource-1} inited
2024-05-31 16:31:18.539 INFO  --- [SpringApplicationShutdownHook] com.alibaba.druid.pool.DruidDataSource Line:1885 - {dataSource-1} closing ...
2024-05-31 16:31:18.561 INFO  --- [SpringApplicationShutdownHook] com.alibaba.druid.pool.DruidDataSource Line:1955 - {dataSource-1} closed
2024-05-31 16:31:24.152 INFO  --- [restartedMain] com.kn.initialmusic.InitialMusicApplication Line:51  - Starting InitialMusicApplication using Java 17 with PID 11204 (D:\Workspeace\InitialMusic\target\classes started by 窃宁康 in D:\Workspeace\InitialMusic)
2024-05-31 16:31:24.155 INFO  --- [restartedMain] com.kn.initialmusic.InitialMusicApplication Line:638 - The following 1 profile is active: "dev"
2024-05-31 16:31:24.197 INFO  --- [restartedMain] org.springframework.boot.devtools.env.DevToolsPropertyDefaultsPostProcessor Line:250 - Devtools property defaults active! Set 'spring.devtools.add-properties' to 'false' to disable
2024-05-31 16:31:24.197 INFO  --- [restartedMain] org.springframework.boot.devtools.env.DevToolsPropertyDefaultsPostProcessor Line:250 - For additional web related logging consider setting the 'logging.level.web' property to 'DEBUG'
2024-05-31 16:31:24.849 INFO  --- [restartedMain] org.springframework.data.repository.config.RepositoryConfigurationDelegate Line:291 - Multiple Spring Data modules found, entering strict repository configuration mode
2024-05-31 16:31:24.852 INFO  --- [restartedMain] org.springframework.data.repository.config.RepositoryConfigurationDelegate Line:138 - Bootstrapping Spring Data Redis repositories in DEFAULT mode.
2024-05-31 16:31:24.880 INFO  --- [restartedMain] org.springframework.data.repository.config.RepositoryConfigurationDelegate Line:208 - Finished Spring Data repository scanning in 13 ms. Found 0 Redis repository interfaces.
2024-05-31 16:31:25.501 INFO  --- [restartedMain] org.springframework.boot.web.embedded.tomcat.TomcatWebServer Line:108 - Tomcat initialized with port(s): 80 (http)
2024-05-31 16:31:25.507 INFO  --- [restartedMain] org.apache.coyote.http11.Http11NioProtocol Line:173 - Initializing ProtocolHandler ["http-nio-80"]
2024-05-31 16:31:25.509 INFO  --- [restartedMain] org.apache.catalina.core.StandardService Line:173 - Starting service [Tomcat]
2024-05-31 16:31:25.509 INFO  --- [restartedMain] org.apache.catalina.core.StandardEngine Line:173 - Starting Servlet engine: [Apache Tomcat/10.1.13]
2024-05-31 16:31:25.560 INFO  --- [restartedMain] org.apache.catalina.core.ContainerBase.[Tomcat].[localhost].[/] Line:173 - Initializing Spring embedded WebApplicationContext
2024-05-31 16:31:25.560 INFO  --- [restartedMain] org.springframework.boot.web.servlet.context.ServletWebServerApplicationContext Line:291 - Root WebApplicationContext: initialization completed in 1362 ms
2024-05-31 16:31:27.068 INFO  --- [restartedMain] org.springframework.boot.autoconfigure.web.servlet.WelcomePageHandlerMapping Line:59  - Adding welcome page: class path resource [static/index.html]
2024-05-31 16:31:27.377 INFO  --- [restartedMain] org.springframework.boot.devtools.autoconfigure.OptionalLiveReloadServer Line:59  - LiveReload server is running on port 35729
2024-05-31 16:31:27.403 INFO  --- [restartedMain] org.apache.coyote.http11.Http11NioProtocol Line:173 - Starting ProtocolHandler ["http-nio-80"]
2024-05-31 16:31:27.442 INFO  --- [restartedMain] org.springframework.boot.web.embedded.tomcat.TomcatWebServer Line:220 - Tomcat started on port(s): 80 (http) with context path ''
2024-05-31 16:31:27.455 INFO  --- [restartedMain] com.kn.initialmusic.InitialMusicApplication Line:57  - Started InitialMusicApplication in 3.884 seconds (process running for 4.909)
2024-05-31 16:31:28.254 INFO  --- [http-nio-80-exec-4] org.apache.catalina.core.ContainerBase.[Tomcat].[localhost].[/] Line:173 - Initializing Spring DispatcherServlet 'dispatcherServlet'
2024-05-31 16:31:28.469 INFO  --- [http-nio-80-exec-8] com.alibaba.druid.pool.DruidDataSource Line:1002 - {dataSource-1} inited
2024-05-31 16:36:19.623 INFO  --- [SpringApplicationShutdownHook] com.alibaba.druid.pool.DruidDataSource Line:1885 - {dataSource-1} closing ...
2024-05-31 16:36:19.630 INFO  --- [SpringApplicationShutdownHook] com.alibaba.druid.pool.DruidDataSource Line:1955 - {dataSource-1} closed
2024-05-31 16:36:21.664 INFO  --- [restartedMain] com.kn.initialmusic.InitialMusicApplication Line:51  - Starting InitialMusicApplication using Java 17 with PID 14052 (D:\Workspeace\InitialMusic\target\classes started by 窃宁康 in D:\Workspeace\InitialMusic)
2024-05-31 16:36:21.666 INFO  --- [restartedMain] com.kn.initialmusic.InitialMusicApplication Line:638 - The following 1 profile is active: "dev"
2024-05-31 16:36:21.697 INFO  --- [restartedMain] org.springframework.boot.devtools.env.DevToolsPropertyDefaultsPostProcessor Line:250 - Devtools property defaults active! Set 'spring.devtools.add-properties' to 'false' to disable
2024-05-31 16:36:21.698 INFO  --- [restartedMain] org.springframework.boot.devtools.env.DevToolsPropertyDefaultsPostProcessor Line:250 - For additional web related logging consider setting the 'logging.level.web' property to 'DEBUG'
2024-05-31 16:36:22.176 INFO  --- [restartedMain] org.springframework.data.repository.config.RepositoryConfigurationDelegate Line:291 - Multiple Spring Data modules found, entering strict repository configuration mode
2024-05-31 16:36:22.178 INFO  --- [restartedMain] org.springframework.data.repository.config.RepositoryConfigurationDelegate Line:138 - Bootstrapping Spring Data Redis repositories in DEFAULT mode.
2024-05-31 16:36:22.204 INFO  --- [restartedMain] org.springframework.data.repository.config.RepositoryConfigurationDelegate Line:208 - Finished Spring Data repository scanning in 12 ms. Found 0 Redis repository interfaces.
2024-05-31 16:36:22.672 INFO  --- [restartedMain] org.springframework.boot.web.embedded.tomcat.TomcatWebServer Line:108 - Tomcat initialized with port(s): 80 (http)
2024-05-31 16:36:22.678 INFO  --- [restartedMain] org.apache.coyote.http11.Http11NioProtocol Line:173 - Initializing ProtocolHandler ["http-nio-80"]
2024-05-31 16:36:22.680 INFO  --- [restartedMain] org.apache.catalina.core.StandardService Line:173 - Starting service [Tomcat]
2024-05-31 16:36:22.680 INFO  --- [restartedMain] org.apache.catalina.core.StandardEngine Line:173 - Starting Servlet engine: [Apache Tomcat/10.1.13]
2024-05-31 16:36:22.728 INFO  --- [restartedMain] org.apache.catalina.core.ContainerBase.[Tomcat].[localhost].[/] Line:173 - Initializing Spring embedded WebApplicationContext
2024-05-31 16:36:22.728 INFO  --- [restartedMain] org.springframework.boot.web.servlet.context.ServletWebServerApplicationContext Line:291 - Root WebApplicationContext: initialization completed in 1030 ms
2024-05-31 16:36:23.359 INFO  --- [restartedMain] org.springframework.boot.autoconfigure.web.servlet.WelcomePageHandlerMapping Line:59  - Adding welcome page: class path resource [static/index.html]
2024-05-31 16:36:23.526 INFO  --- [restartedMain] org.springframework.boot.devtools.autoconfigure.OptionalLiveReloadServer Line:59  - LiveReload server is running on port 35729
2024-05-31 16:36:23.553 INFO  --- [restartedMain] org.apache.coyote.http11.Http11NioProtocol Line:173 - Starting ProtocolHandler ["http-nio-80"]
2024-05-31 16:36:23.581 INFO  --- [restartedMain] org.springframework.boot.web.embedded.tomcat.TomcatWebServer Line:220 - Tomcat started on port(s): 80 (http) with context path ''
2024-05-31 16:36:23.593 INFO  --- [restartedMain] com.kn.initialmusic.InitialMusicApplication Line:57  - Started InitialMusicApplication in 2.309 seconds (process running for 2.934)
2024-05-31 16:42:07.091 INFO  --- [http-nio-80-exec-4] org.apache.catalina.core.ContainerBase.[Tomcat].[localhost].[/] Line:173 - Initializing Spring DispatcherServlet 'dispatcherServlet'
2024-05-31 16:42:07.235 INFO  --- [http-nio-80-exec-6] com.alibaba.druid.pool.DruidDataSource Line:1002 - {dataSource-1} inited
2024-05-31 18:55:23.153 INFO  --- [SpringApplicationShutdownHook] com.alibaba.druid.pool.DruidDataSource Line:1885 - {dataSource-1} closing ...
2024-05-31 18:55:23.158 INFO  --- [SpringApplicationShutdownHook] com.alibaba.druid.pool.DruidDataSource Line:1955 - {dataSource-1} closed
