2024-05-24 20:47:34.077 INFO  --- [restartedMain] com.kn.initialmusic.InitialMusicApplication Line:51  - Starting InitialMusicApplication using Java 17 with PID 22520 (D:\Workspeace\InitialMusic\target\classes started by 窃宁康 in D:\Workspeace\InitialMusic)
2024-05-24 20:47:34.080 INFO  --- [restartedMain] com.kn.initialmusic.InitialMusicApplication Line:638 - The following 1 profile is active: "dev"
2024-05-24 20:47:34.122 INFO  --- [restartedMain] org.springframework.boot.devtools.env.DevToolsPropertyDefaultsPostProcessor Line:250 - Devtools property defaults active! Set 'spring.devtools.add-properties' to 'false' to disable
2024-05-24 20:47:34.123 INFO  --- [restartedMain] org.springframework.boot.devtools.env.DevToolsPropertyDefaultsPostProcessor Line:250 - For additional web related logging consider setting the 'logging.level.web' property to 'DEBUG'
2024-05-24 20:47:35.224 INFO  --- [restartedMain] org.springframework.data.repository.config.RepositoryConfigurationDelegate Line:291 - Multiple Spring Data modules found, entering strict repository configuration mode
2024-05-24 20:47:35.227 INFO  --- [restartedMain] org.springframework.data.repository.config.RepositoryConfigurationDelegate Line:138 - Bootstrapping Spring Data Redis repositories in DEFAULT mode.
2024-05-24 20:47:35.262 INFO  --- [restartedMain] org.springframework.data.repository.config.RepositoryConfigurationDelegate Line:208 - Finished Spring Data repository scanning in 18 ms. Found 0 Redis repository interfaces.
2024-05-24 20:47:35.898 INFO  --- [restartedMain] org.springframework.boot.web.embedded.tomcat.TomcatWebServer Line:108 - Tomcat initialized with port(s): 80 (http)
2024-05-24 20:47:35.906 INFO  --- [restartedMain] org.apache.coyote.http11.Http11NioProtocol Line:173 - Initializing ProtocolHandler ["http-nio-80"]
2024-05-24 20:47:35.908 INFO  --- [restartedMain] org.apache.catalina.core.StandardService Line:173 - Starting service [Tomcat]
2024-05-24 20:47:35.908 INFO  --- [restartedMain] org.apache.catalina.core.StandardEngine Line:173 - Starting Servlet engine: [Apache Tomcat/10.1.13]
2024-05-24 20:47:35.966 INFO  --- [restartedMain] org.apache.catalina.core.ContainerBase.[Tomcat].[localhost].[/] Line:173 - Initializing Spring embedded WebApplicationContext
2024-05-24 20:47:35.967 INFO  --- [restartedMain] org.springframework.boot.web.servlet.context.ServletWebServerApplicationContext Line:291 - Root WebApplicationContext: initialization completed in 1843 ms
2024-05-24 20:47:36.885 INFO  --- [restartedMain] org.springframework.boot.autoconfigure.web.servlet.WelcomePageHandlerMapping Line:59  - Adding welcome page: class path resource [static/index.html]
2024-05-24 20:47:37.047 INFO  --- [restartedMain] org.springframework.boot.devtools.autoconfigure.OptionalLiveReloadServer Line:59  - LiveReload server is running on port 35729
2024-05-24 20:47:37.063 INFO  --- [restartedMain] org.apache.coyote.http11.Http11NioProtocol Line:173 - Starting ProtocolHandler ["http-nio-80"]
2024-05-24 20:47:37.083 INFO  --- [restartedMain] org.springframework.boot.web.embedded.tomcat.TomcatWebServer Line:220 - Tomcat started on port(s): 80 (http) with context path ''
2024-05-24 20:47:37.092 INFO  --- [restartedMain] com.kn.initialmusic.InitialMusicApplication Line:57  - Started InitialMusicApplication in 3.535 seconds (process running for 4.641)
2024-05-24 20:47:47.810 INFO  --- [http-nio-80-exec-4] org.apache.catalina.core.ContainerBase.[Tomcat].[localhost].[/] Line:173 - Initializing Spring DispatcherServlet 'dispatcherServlet'
2024-05-24 20:47:47.929 INFO  --- [http-nio-80-exec-5] com.alibaba.druid.pool.DruidDataSource Line:1002 - {dataSource-1} inited
2024-05-24 20:50:58.222 INFO  --- [SpringApplicationShutdownHook] com.alibaba.druid.pool.DruidDataSource Line:1885 - {dataSource-1} closing ...
2024-05-24 20:50:58.227 INFO  --- [SpringApplicationShutdownHook] com.alibaba.druid.pool.DruidDataSource Line:1955 - {dataSource-1} closed
2024-05-24 20:51:05.400 INFO  --- [restartedMain] com.kn.initialmusic.InitialMusicApplication Line:51  - Starting InitialMusicApplication using Java 17 with PID 19824 (D:\Workspeace\InitialMusic\target\classes started by 窃宁康 in D:\Workspeace\InitialMusic)
2024-05-24 20:51:05.405 INFO  --- [restartedMain] com.kn.initialmusic.InitialMusicApplication Line:638 - The following 1 profile is active: "dev"
2024-05-24 20:51:05.448 INFO  --- [restartedMain] org.springframework.boot.devtools.env.DevToolsPropertyDefaultsPostProcessor Line:250 - Devtools property defaults active! Set 'spring.devtools.add-properties' to 'false' to disable
2024-05-24 20:51:05.449 INFO  --- [restartedMain] org.springframework.boot.devtools.env.DevToolsPropertyDefaultsPostProcessor Line:250 - For additional web related logging consider setting the 'logging.level.web' property to 'DEBUG'
2024-05-24 20:51:06.028 INFO  --- [restartedMain] org.springframework.data.repository.config.RepositoryConfigurationDelegate Line:291 - Multiple Spring Data modules found, entering strict repository configuration mode
2024-05-24 20:51:06.031 INFO  --- [restartedMain] org.springframework.data.repository.config.RepositoryConfigurationDelegate Line:138 - Bootstrapping Spring Data Redis repositories in DEFAULT mode.
2024-05-24 20:51:06.054 INFO  --- [restartedMain] org.springframework.data.repository.config.RepositoryConfigurationDelegate Line:208 - Finished Spring Data repository scanning in 12 ms. Found 0 Redis repository interfaces.
2024-05-24 20:51:06.604 INFO  --- [restartedMain] org.springframework.boot.web.embedded.tomcat.TomcatWebServer Line:108 - Tomcat initialized with port(s): 80 (http)
2024-05-24 20:51:06.612 INFO  --- [restartedMain] org.apache.coyote.http11.Http11NioProtocol Line:173 - Initializing ProtocolHandler ["http-nio-80"]
2024-05-24 20:51:06.614 INFO  --- [restartedMain] org.apache.catalina.core.StandardService Line:173 - Starting service [Tomcat]
2024-05-24 20:51:06.614 INFO  --- [restartedMain] org.apache.catalina.core.StandardEngine Line:173 - Starting Servlet engine: [Apache Tomcat/10.1.13]
2024-05-24 20:51:06.669 INFO  --- [restartedMain] org.apache.catalina.core.ContainerBase.[Tomcat].[localhost].[/] Line:173 - Initializing Spring embedded WebApplicationContext
2024-05-24 20:51:06.669 INFO  --- [restartedMain] org.springframework.boot.web.servlet.context.ServletWebServerApplicationContext Line:291 - Root WebApplicationContext: initialization completed in 1219 ms
2024-05-24 20:51:08.120 INFO  --- [restartedMain] org.springframework.boot.autoconfigure.web.servlet.WelcomePageHandlerMapping Line:59  - Adding welcome page: class path resource [static/index.html]
2024-05-24 20:51:08.444 INFO  --- [restartedMain] org.springframework.boot.devtools.autoconfigure.OptionalLiveReloadServer Line:59  - LiveReload server is running on port 35729
2024-05-24 20:51:08.472 INFO  --- [restartedMain] org.apache.coyote.http11.Http11NioProtocol Line:173 - Starting ProtocolHandler ["http-nio-80"]
2024-05-24 20:51:08.515 INFO  --- [restartedMain] org.springframework.boot.web.embedded.tomcat.TomcatWebServer Line:220 - Tomcat started on port(s): 80 (http) with context path ''
2024-05-24 20:51:08.529 INFO  --- [restartedMain] com.kn.initialmusic.InitialMusicApplication Line:57  - Started InitialMusicApplication in 3.661 seconds (process running for 5.087)
2024-05-24 20:51:28.046 INFO  --- [http-nio-80-exec-1] org.apache.catalina.core.ContainerBase.[Tomcat].[localhost].[/] Line:173 - Initializing Spring DispatcherServlet 'dispatcherServlet'
2024-05-24 20:51:28.357 INFO  --- [http-nio-80-exec-8] com.alibaba.druid.pool.DruidDataSource Line:1002 - {dataSource-1} inited
2024-05-24 20:51:48.156 INFO  --- [SpringApplicationShutdownHook] com.alibaba.druid.pool.DruidDataSource Line:1885 - {dataSource-1} closing ...
2024-05-24 20:51:48.166 INFO  --- [SpringApplicationShutdownHook] com.alibaba.druid.pool.DruidDataSource Line:1955 - {dataSource-1} closed
2024-05-24 20:51:52.209 INFO  --- [restartedMain] com.kn.initialmusic.InitialMusicApplication Line:51  - Starting InitialMusicApplication using Java 17 with PID 21944 (D:\Workspeace\InitialMusic\target\classes started by 窃宁康 in D:\Workspeace\InitialMusic)
2024-05-24 20:51:52.212 INFO  --- [restartedMain] com.kn.initialmusic.InitialMusicApplication Line:638 - The following 1 profile is active: "dev"
2024-05-24 20:51:52.247 INFO  --- [restartedMain] org.springframework.boot.devtools.env.DevToolsPropertyDefaultsPostProcessor Line:250 - Devtools property defaults active! Set 'spring.devtools.add-properties' to 'false' to disable
2024-05-24 20:51:52.247 INFO  --- [restartedMain] org.springframework.boot.devtools.env.DevToolsPropertyDefaultsPostProcessor Line:250 - For additional web related logging consider setting the 'logging.level.web' property to 'DEBUG'
2024-05-24 20:51:52.739 INFO  --- [restartedMain] org.springframework.data.repository.config.RepositoryConfigurationDelegate Line:291 - Multiple Spring Data modules found, entering strict repository configuration mode
2024-05-24 20:51:52.742 INFO  --- [restartedMain] org.springframework.data.repository.config.RepositoryConfigurationDelegate Line:138 - Bootstrapping Spring Data Redis repositories in DEFAULT mode.
2024-05-24 20:51:52.770 INFO  --- [restartedMain] org.springframework.data.repository.config.RepositoryConfigurationDelegate Line:208 - Finished Spring Data repository scanning in 13 ms. Found 0 Redis repository interfaces.
2024-05-24 20:51:53.321 INFO  --- [restartedMain] org.springframework.boot.web.embedded.tomcat.TomcatWebServer Line:108 - Tomcat initialized with port(s): 80 (http)
2024-05-24 20:51:53.328 INFO  --- [restartedMain] org.apache.coyote.http11.Http11NioProtocol Line:173 - Initializing ProtocolHandler ["http-nio-80"]
2024-05-24 20:51:53.330 INFO  --- [restartedMain] org.apache.catalina.core.StandardService Line:173 - Starting service [Tomcat]
2024-05-24 20:51:53.330 INFO  --- [restartedMain] org.apache.catalina.core.StandardEngine Line:173 - Starting Servlet engine: [Apache Tomcat/10.1.13]
2024-05-24 20:51:53.386 INFO  --- [restartedMain] org.apache.catalina.core.ContainerBase.[Tomcat].[localhost].[/] Line:173 - Initializing Spring embedded WebApplicationContext
2024-05-24 20:51:53.386 INFO  --- [restartedMain] org.springframework.boot.web.servlet.context.ServletWebServerApplicationContext Line:291 - Root WebApplicationContext: initialization completed in 1138 ms
2024-05-24 20:51:54.093 INFO  --- [restartedMain] org.springframework.boot.autoconfigure.web.servlet.WelcomePageHandlerMapping Line:59  - Adding welcome page: class path resource [static/index.html]
2024-05-24 20:51:54.262 INFO  --- [restartedMain] org.springframework.boot.devtools.autoconfigure.OptionalLiveReloadServer Line:59  - LiveReload server is running on port 35729
2024-05-24 20:51:54.279 INFO  --- [restartedMain] org.apache.coyote.http11.Http11NioProtocol Line:173 - Starting ProtocolHandler ["http-nio-80"]
2024-05-24 20:51:54.300 INFO  --- [restartedMain] org.springframework.boot.web.embedded.tomcat.TomcatWebServer Line:220 - Tomcat started on port(s): 80 (http) with context path ''
2024-05-24 20:51:54.310 INFO  --- [restartedMain] com.kn.initialmusic.InitialMusicApplication Line:57  - Started InitialMusicApplication in 2.509 seconds (process running for 3.153)
2024-05-24 20:52:03.312 INFO  --- [http-nio-80-exec-9] org.apache.catalina.core.ContainerBase.[Tomcat].[localhost].[/] Line:173 - Initializing Spring DispatcherServlet 'dispatcherServlet'
2024-05-24 20:52:03.386 INFO  --- [http-nio-80-exec-1] com.alibaba.druid.pool.DruidDataSource Line:1002 - {dataSource-1} inited
2024-05-24 22:08:48.433 INFO  --- [SpringApplicationShutdownHook] com.alibaba.druid.pool.DruidDataSource Line:1885 - {dataSource-1} closing ...
2024-05-24 22:08:48.438 INFO  --- [SpringApplicationShutdownHook] com.alibaba.druid.pool.DruidDataSource Line:1955 - {dataSource-1} closed
