2024-05-26 00:26:31.632 INFO  --- [SpringApplicationShutdownHook] com.alibaba.druid.pool.DruidDataSource Line:1885 - {dataSource-1} closing ...
2024-05-26 00:26:31.651 INFO  --- [SpringApplicationShutdownHook] com.alibaba.druid.pool.DruidDataSource Line:1955 - {dataSource-1} closed
2024-05-26 00:26:37.924 INFO  --- [restartedMain] com.kn.initialmusic.InitialMusicApplication Line:51  - Starting InitialMusicApplication using Java 17 with PID 25712 (D:\Workspeace\InitialMusic\target\classes started by 窃宁康 in D:\Workspeace\InitialMusic)
2024-05-26 00:26:37.928 INFO  --- [restartedMain] com.kn.initialmusic.InitialMusicApplication Line:638 - The following 1 profile is active: "dev"
2024-05-26 00:26:37.976 INFO  --- [restartedMain] org.springframework.boot.devtools.env.DevToolsPropertyDefaultsPostProcessor Line:250 - Devtools property defaults active! Set 'spring.devtools.add-properties' to 'false' to disable
2024-05-26 00:26:37.977 INFO  --- [restartedMain] org.springframework.boot.devtools.env.DevToolsPropertyDefaultsPostProcessor Line:250 - For additional web related logging consider setting the 'logging.level.web' property to 'DEBUG'
2024-05-26 00:26:38.805 INFO  --- [restartedMain] org.springframework.data.repository.config.RepositoryConfigurationDelegate Line:291 - Multiple Spring Data modules found, entering strict repository configuration mode
2024-05-26 00:26:38.808 INFO  --- [restartedMain] org.springframework.data.repository.config.RepositoryConfigurationDelegate Line:138 - Bootstrapping Spring Data Redis repositories in DEFAULT mode.
2024-05-26 00:26:38.843 INFO  --- [restartedMain] org.springframework.data.repository.config.RepositoryConfigurationDelegate Line:208 - Finished Spring Data repository scanning in 17 ms. Found 0 Redis repository interfaces.
2024-05-26 00:26:39.532 INFO  --- [restartedMain] org.springframework.boot.web.embedded.tomcat.TomcatWebServer Line:108 - Tomcat initialized with port(s): 80 (http)
2024-05-26 00:26:39.539 INFO  --- [restartedMain] org.apache.coyote.http11.Http11NioProtocol Line:173 - Initializing ProtocolHandler ["http-nio-80"]
2024-05-26 00:26:39.541 INFO  --- [restartedMain] org.apache.catalina.core.StandardService Line:173 - Starting service [Tomcat]
2024-05-26 00:26:39.541 INFO  --- [restartedMain] org.apache.catalina.core.StandardEngine Line:173 - Starting Servlet engine: [Apache Tomcat/10.1.13]
2024-05-26 00:26:39.599 INFO  --- [restartedMain] org.apache.catalina.core.ContainerBase.[Tomcat].[localhost].[/] Line:173 - Initializing Spring embedded WebApplicationContext
2024-05-26 00:26:39.599 INFO  --- [restartedMain] org.springframework.boot.web.servlet.context.ServletWebServerApplicationContext Line:291 - Root WebApplicationContext: initialization completed in 1621 ms
2024-05-26 00:26:40.417 INFO  --- [restartedMain] org.springframework.boot.autoconfigure.web.servlet.WelcomePageHandlerMapping Line:59  - Adding welcome page: class path resource [static/index.html]
2024-05-26 00:26:40.593 INFO  --- [restartedMain] org.springframework.boot.devtools.autoconfigure.OptionalLiveReloadServer Line:59  - LiveReload server is running on port 35729
2024-05-26 00:26:40.611 INFO  --- [restartedMain] org.apache.coyote.http11.Http11NioProtocol Line:173 - Starting ProtocolHandler ["http-nio-80"]
2024-05-26 00:26:40.634 INFO  --- [restartedMain] org.springframework.boot.web.embedded.tomcat.TomcatWebServer Line:220 - Tomcat started on port(s): 80 (http) with context path ''
2024-05-26 00:26:40.644 INFO  --- [restartedMain] com.kn.initialmusic.InitialMusicApplication Line:57  - Started InitialMusicApplication in 3.305 seconds (process running for 4.282)
2024-05-26 00:26:52.261 INFO  --- [http-nio-80-exec-4] org.apache.catalina.core.ContainerBase.[Tomcat].[localhost].[/] Line:173 - Initializing Spring DispatcherServlet 'dispatcherServlet'
2024-05-26 00:26:52.392 INFO  --- [http-nio-80-exec-7] com.alibaba.druid.pool.DruidDataSource Line:1002 - {dataSource-1} inited
2024-05-26 00:27:34.392 INFO  --- [SpringApplicationShutdownHook] com.alibaba.druid.pool.DruidDataSource Line:1885 - {dataSource-1} closing ...
2024-05-26 00:27:34.420 INFO  --- [SpringApplicationShutdownHook] com.alibaba.druid.pool.DruidDataSource Line:1955 - {dataSource-1} closed
